<?xml version="1.0" encoding="UTF-8"?>
<testsuite xmlns:xsi="http://www.w3.org/2001/XMLSchema-instance" xsi:noNamespaceSchemaLocation="https://maven.apache.org/surefire/maven-surefire-plugin/xsd/surefire-test-report.xsd" version="3.0.2" name="com.tfi.eureka.TfiEurekaServerApplicationTests" time="2.784" tests="1" errors="0" skipped="0" failures="0" flakes="0">
  <properties>
[...]
</properties>
  <testcase name="contextLoads" classname="com.tfi.eureka.TfiEurekaServerApplicationTests" time="0.398">
    <system-out><![CDATA[19:15:44.303 [main] INFO org.springframework.test.context.support.AnnotationConfigContextLoaderUtils -- Could not detect default configuration classes for test class [com.tfi.eureka.TfiEurekaServerApplicationTests]: TfiEurekaServerApplicationTests does not declare any static, non-private, non-final, nested classes annotated with @Configuration.
19:15:44.372 [main] INFO org.springframework.boot.test.context.SpringBootTestContextBootstrapper -- Found @SpringBootConfiguration com.tfi.eureka.TfiEurekaServerApplication for test class com.tfi.eureka.TfiEurekaServerApplicationTests
19:15:44.425 [main] INFO org.springframework.test.context.support.AnnotationConfigContextLoaderUtils -- Could not detect default configuration classes for test class [com.tfi.eureka.TfiEurekaServerApplicationTests]: TfiEurekaServerApplicationTests does not declare any static, non-private, non-final, nested classes annotated with @Configuration.
19:15:44.426 [main] INFO org.springframework.boot.test.context.SpringBootTestContextBootstrapper -- Found @SpringBootConfiguration com.tfi.eureka.TfiEurekaServerApplication for test class com.tfi.eureka.TfiEurekaServerApplicationTests

  .   ____          _            __ _ _
 /\\ / ___'_ __ _ _(_)_ __  __ _ \ \ \ \
( ( )\___ | '_ | '_| | '_ \/ _` | \ \ \ \
 \\/  ___)| |_)| | | | | || (_| |  ) ) ) )
  '  |____| .__|_| |_|_| |_\__, | / / / /
 =========|_|==============|___/=/_/_/_/

 :: Spring Boot ::                (v4.0.8)

2026-09-06T19:15:44.728-03:00  INFO 69952 --- [tfi-eureka-server] [           main] c.t.e.TfiEurekaServerApplicationTests    : Starting TfiEurekaServerApplicationTests using Java 25.0.4.1 with PID 69952 (started by Nahue in D:\Backup\FACU\FACU 2026\Seminario de trabajo final\gitt\Nuevo repo\eureka-server)
2026-09-06T19:15:44.729-03:00  INFO 69952 --- [tfi-eureka-server] [           main] c.t.e.TfiEurekaServerApplicationTests    : No active profile set, falling back to 1 default profile: "default"
2026-09-06T19:15:45.296-03:00  INFO 69952 --- [tfi-eureka-server] [           main] o.s.cloud.context.scope.GenericScope     : BeanFactory id=5be832ec-d32f-3ddd-b828-06aaecdaa8be
2026-09-06T19:15:45.580-03:00  INFO 69952 --- [tfi-eureka-server] [           main] o.s.v.b.OptionalValidatorFactoryBean     : Failed to set up a Bean Validation provider: jakarta.validation.NoProviderFoundException: Unable to create a Configuration, because no Jakarta Validation provider could be found. Add a provider like Hibernate Validator (RI) to your classpath.
2026-09-06T19:15:46.111-03:00  WARN 69952 --- [tfi-eureka-server] [           main] iguration$LoadBalancerCaffeineWarnLogger : Spring Cloud LoadBalancer is currently working with the default cache. While this cache implementation is useful for development and tests, it's recommended to use Caffeine cache in production.You can switch to using Caffeine cache, by adding it and org.springframework.cache.caffeine.CaffeineCacheManager to the classpath.
2026-09-06T19:15:46.252-03:00  INFO 69952 --- [tfi-eureka-server] [           main] o.s.c.n.eureka.InstanceInfoFactory       : Setting initial instance status as: STARTING
2026-09-06T19:15:46.262-03:00  INFO 69952 --- [tfi-eureka-server] [           main] com.netflix.discovery.DiscoveryClient    : Initializing Eureka in region us-east-1
2026-09-06T19:15:46.263-03:00  INFO 69952 --- [tfi-eureka-server] [           main] com.netflix.discovery.DiscoveryClient    : Client configured to neither register nor query for data.
2026-09-06T19:15:46.264-03:00  INFO 69952 --- [tfi-eureka-server] [           main] com.netflix.discovery.DiscoveryClient    : Discovery Client initialized at timestamp 1788732946263 with initial instances count: 0
2026-09-06T19:15:46.286-03:00  INFO 69952 --- [tfi-eureka-server] [           main] c.n.eureka.DefaultEurekaServerContext    : Initializing ...
2026-09-06T19:15:46.287-03:00  INFO 69952 --- [tfi-eureka-server] [           main] c.n.eureka.cluster.PeerEurekaNodes       : Adding new peer nodes [http://localhost:8761/eureka/]
2026-09-06T19:15:46.361-03:00  INFO 69952 --- [tfi-eureka-server] [           main] c.n.d.provider.DiscoveryJerseyProvider   : Using JSON encoding codec LegacyJacksonJson
2026-09-06T19:15:46.362-03:00  INFO 69952 --- [tfi-eureka-server] [           main] c.n.d.provider.DiscoveryJerseyProvider   : Using JSON decoding codec LegacyJacksonJson
2026-09-06T19:15:46.362-03:00  INFO 69952 --- [tfi-eureka-server] [           main] c.n.d.provider.DiscoveryJerseyProvider   : Using XML encoding codec XStreamXml
2026-09-06T19:15:46.362-03:00  INFO 69952 --- [tfi-eureka-server] [           main] c.n.d.provider.DiscoveryJerseyProvider   : Using XML decoding codec XStreamXml
2026-09-06T19:15:46.404-03:00  INFO 69952 --- [tfi-eureka-server] [           main] c.n.eureka.cluster.PeerEurekaNodes       : Replica node URL:  http://localhost:8761/eureka/
2026-09-06T19:15:46.408-03:00  INFO 69952 --- [tfi-eureka-server] [           main] c.n.e.registry.AbstractInstanceRegistry  : Finished initializing remote region registries. All known remote regions: []
2026-09-06T19:15:46.408-03:00  INFO 69952 --- [tfi-eureka-server] [           main] c.n.eureka.DefaultEurekaServerContext    : Initialized
2026-09-06T19:15:46.464-03:00  INFO 69952 --- [tfi-eureka-server] [           main] o.s.b.a.e.web.EndpointLinksResolver      : Exposing 1 endpoint beneath base path '/actuator'
2026-09-06T19:15:46.503-03:00  INFO 69952 --- [tfi-eureka-server] [           main] o.s.c.n.e.s.EurekaServiceRegistry        : Registering application TFI-EUREKA-SERVER with eureka with status UP
2026-09-06T19:15:46.511-03:00  INFO 69952 --- [tfi-eureka-server] [      Thread-10] o.s.c.n.e.server.EurekaServerBootstrap   : isAws returned false
2026-09-06T19:15:46.511-03:00  INFO 69952 --- [tfi-eureka-server] [           main] c.t.e.TfiEurekaServerApplicationTests    : Started TfiEurekaServerApplicationTests in 1.957 seconds (process running for 2.712)
2026-09-06T19:15:46.512-03:00  INFO 69952 --- [tfi-eureka-server] [      Thread-10] o.s.c.n.e.server.EurekaServerBootstrap   : Initialized server context
2026-09-06T19:15:46.512-03:00  INFO 69952 --- [tfi-eureka-server] [      Thread-10] c.n.e.r.PeerAwareInstanceRegistryImpl    : Got 1 instances from neighboring DS node
2026-09-06T19:15:46.512-03:00  INFO 69952 --- [tfi-eureka-server] [      Thread-10] c.n.e.r.PeerAwareInstanceRegistryImpl    : Renew threshold is: 1
2026-09-06T19:15:46.512-03:00  INFO 69952 --- [tfi-eureka-server] [      Thread-10] c.n.e.r.PeerAwareInstanceRegistryImpl    : Changing status to UP
2026-09-06T19:15:46.514-03:00  INFO 69952 --- [tfi-eureka-server] [      Thread-10] e.s.EurekaServerInitializerConfiguration : Started Eureka Server
]]></system-out>
    <system-err><![CDATA[Mockito is currently self-attaching to enable the inline-mock-maker. This will no longer work in future releases of the JDK. Please add Mockito as an agent to your build as described in Mockito's documentation: https://javadoc.io/doc/org.mockito/mockito-core/latest/org.mockito/org/mockito/Mockito.html#0.3
WARNING: A Java agent has been loaded dynamically (C:\Users\Nahue\.m2\repository\net\bytebuddy\byte-buddy-agent\1.17.8\byte-buddy-agent-1.17.8.jar)
WARNING: If a serviceability tool is in use, please run with -XX:+EnableDynamicAgentLoading to hide this warning
WARNING: If a serviceability tool is not in use, please run with -Djdk.instrument.traceUsage for more information
WARNING: Dynamic loading of agents will be disallowed by default in a future release
]]></system-err>
  </testcase>
</testsuite>